{"level":"info","message":"Hello from acquistions","service":"acquistions-api"}
{"level":"info","message":"::1 - - [14/Sep/2025:05:01:59 +0000] \"GET / HTTP/1.1\" 304 - \"-\" \"Mozilla/5.0 (Windows NT 10.0; Win64; x64) AppleWebKit/537.36 (KHTML, like Gecko) Chrome/140.0.0.0 Safari/537.36\"","service":"acquistions-api"}
{"level":"info","message":"::1 - - [14/Sep/2025:05:01:59 +0000] \"GET /favicon.ico HTTP/1.1\" 404 150 \"-\" \"Mozilla/5.0 (Windows NT 10.0; Win64; x64) AppleWebKit/537.36 (KHTML, like Gecko) Chrome/140.0.0.0 Safari/537.36\"","service":"acquistions-api"}
{"level":"info","message":"Hello from acquistions","service":"acquistions-api"}
{"level":"info","message":"::1 - - [14/Sep/2025:05:11:41 +0000] \"GET / HTTP/1.1\" 200 22 \"-\" \"HTTPie\"","service":"acquistions-api"}
{"level":"info","message":"::1 - - [14/Sep/2025:05:12:00 +0000] \"GET /api HTTP/1.1\" 200 40 \"-\" \"HTTPie\"","service":"acquistions-api"}
{"level":"info","message":"::1 - - [14/Sep/2025:05:12:10 +0000] \"GET /health HTTP/1.1\" 200 75 \"-\" \"HTTPie\"","service":"acquistions-api"}
{"level":"info","message":"Hello from acquistions","service":"acquistions-api"}
{"level":"info","message":"::1 - - [14/Sep/2025:05:13:55 +0000] \"GET / HTTP/1.1\" 200 22 \"-\" \"PostmanRuntime/7.45.0\"","service":"acquistions-api"}
{"level":"info","message":"::1 - - [14/Sep/2025:05:14:12 +0000] \"GET /api HTTP/1.1\" 200 40 \"-\" \"PostmanRuntime/7.45.0\"","service":"acquistions-api"}
{"level":"info","message":"::1 - - [14/Sep/2025:05:14:30 +0000] \"GET /health HTTP/1.1\" 200 75 \"-\" \"PostmanRuntime/7.45.0\"","service":"acquistions-api"}
{"level":"info","message":"::1 - - [14/Sep/2025:05:15:49 +0000] \"GET /api/auth/sign-in HTTP/1.1\" 404 155 \"-\" \"PostmanRuntime/7.45.0\"","service":"acquistions-api"}
{"level":"info","message":"::1 - - [14/Sep/2025:05:16:30 +0000] \"POST /api/auth/sign-in HTTP/1.1\" 200 31 \"-\" \"PostmanRuntime/7.45.0\"","service":"acquistions-api"}
{"level":"info","message":"::1 - - [14/Sep/2025:05:16:45 +0000] \"GET /api/auth/sign-up HTTP/1.1\" 404 155 \"-\" \"PostmanRuntime/7.45.0\"","service":"acquistions-api"}
{"level":"info","message":"::1 - - [14/Sep/2025:05:16:50 +0000] \"POST /api/auth/sign-up HTTP/1.1\" 200 31 \"-\" \"PostmanRuntime/7.45.0\"","service":"acquistions-api"}
{"level":"info","message":"::1 - - [14/Sep/2025:05:17:15 +0000] \"POST /api/auth/sign-out HTTP/1.1\" 200 32 \"-\" \"PostmanRuntime/7.45.0\"","service":"acquistions-api"}
{"level":"info","message":"::1 - - [14/Sep/2025:05:45:25 +0000] \"POST /api/auth/sign-up HTTP/1.1\" 400 144 \"-\" \"PostmanRuntime/7.45.0\"","service":"acquistions-api"}
{"level":"info","message":"User registered successfully: skp@gmail.com","service":"acquistions-api"}
{"level":"info","message":"::1 - - [14/Sep/2025:05:45:49 +0000] \"POST /api/auth/sign-up HTTP/1.1\" 201 114 \"-\" \"PostmanRuntime/7.45.0\"","service":"acquistions-api"}
{"level":"error","message":"Sign up error password is not defined","service":"acquistions-api","stack":"ReferenceError: password is not defined\n    at signUp (file:///D:/self-practice/acquistions/src/controllers/auth.controller.js:22:50)\n    at Layer.handleRequest (D:\\self-practice\\acquistions\\node_modules\\router\\lib\\layer.js:152:17)\n    at next (D:\\self-practice\\acquistions\\node_modules\\router\\lib\\route.js:157:13)\n    at Route.dispatch (D:\\self-practice\\acquistions\\node_modules\\router\\lib\\route.js:117:3)\n    at handle (D:\\self-practice\\acquistions\\node_modules\\router\\index.js:435:11)\n    at Layer.handleRequest (D:\\self-practice\\acquistions\\node_modules\\router\\lib\\layer.js:152:17)\n    at D:\\self-practice\\acquistions\\node_modules\\router\\index.js:295:15\n    at processParams (D:\\self-practice\\acquistions\\node_modules\\router\\index.js:582:12)\n    at next (D:\\self-practice\\acquistions\\node_modules\\router\\index.js:291:5)\n    at Function.handle (D:\\self-practice\\acquistions\\node_modules\\router\\index.js:186:3)"}
{"level":"info","message":"::1 - - [14/Sep/2025:06:03:40 +0000] \"POST /api/auth/sign-up HTTP/1.1\" 500 1169 \"-\" \"PostmanRuntime/7.45.0\"","service":"acquistions-api"}
{"level":"error","message":"Error creating user: Error: User with this email already exists","service":"acquistions-api"}
{"level":"error","message":"Sign up error Error creating user","service":"acquistions-api","stack":"Error: Error creating user\n    at createUser (file:///D:/self-practice/acquistions/src/services/auth.service.js:49:11)\n    at signUp (file:///D:/self-practice/acquistions/src/controllers/auth.controller.js:22:24)\n    at Layer.handleRequest (D:\\self-practice\\acquistions\\node_modules\\router\\lib\\layer.js:152:17)\n    at next (D:\\self-practice\\acquistions\\node_modules\\router\\lib\\route.js:157:13)\n    at Route.dispatch (D:\\self-practice\\acquistions\\node_modules\\router\\lib\\route.js:117:3)\n    at handle (D:\\self-practice\\acquistions\\node_modules\\router\\index.js:435:11)\n    at Layer.handleRequest (D:\\self-practice\\acquistions\\node_modules\\router\\lib\\layer.js:152:17)\n    at D:\\self-practice\\acquistions\\node_modules\\router\\index.js:295:15\n    at processParams (D:\\self-practice\\acquistions\\node_modules\\router\\index.js:582:12)\n    at next (D:\\self-practice\\acquistions\\node_modules\\router\\index.js:291:5)"}
{"level":"info","message":"::1 - - [14/Sep/2025:06:03:55 +0000] \"POST /api/auth/sign-up HTTP/1.1\" 500 1159 \"-\" \"PostmanRuntime/7.45.0\"","service":"acquistions-api"}
{"level":"error","message":"Error creating user: Error: User with this email already exists","service":"acquistions-api"}
{"level":"error","message":"Sign up error Error creating user","service":"acquistions-api","stack":"Error: Error creating user\n    at createUser (file:///D:/self-practice/acquistions/src/services/auth.service.js:49:11)\n    at signUp (file:///D:/self-practice/acquistions/src/controllers/auth.controller.js:22:24)\n    at Layer.handleRequest (D:\\self-practice\\acquistions\\node_modules\\router\\lib\\layer.js:152:17)\n    at next (D:\\self-practice\\acquistions\\node_modules\\router\\lib\\route.js:157:13)\n    at Route.dispatch (D:\\self-practice\\acquistions\\node_modules\\router\\lib\\route.js:117:3)\n    at handle (D:\\self-practice\\acquistions\\node_modules\\router\\index.js:435:11)\n    at Layer.handleRequest (D:\\self-practice\\acquistions\\node_modules\\router\\lib\\layer.js:152:17)\n    at D:\\self-practice\\acquistions\\node_modules\\router\\index.js:295:15\n    at processParams (D:\\self-practice\\acquistions\\node_modules\\router\\index.js:582:12)\n    at next (D:\\self-practice\\acquistions\\node_modules\\router\\index.js:291:5)"}
{"level":"info","message":"::1 - - [14/Sep/2025:06:06:51 +0000] \"POST /api/auth/sign-up HTTP/1.1\" 500 1159 \"-\" \"PostmanRuntime/7.45.0\"","service":"acquistions-api"}
